Arguments: 
  C:\Program Files\nodejs\node.exe C:\Users\SMA_d\AppData\Roaming\npm\node_modules\yarn\bin\yarn.js add react-router-dom

PATH: 
  C:\Python27\;C:\Python27\Scripts;C:\Python38\Scripts\;C:\Python38\;C:\Program Files (x86)\Common Files\Oracle\Java\javapath;C:\WINDOWS\system32;C:\WINDOWS;C:\WINDOWS\System32\Wbem;C:\WINDOWS\System32\WindowsPowerShell\v1.0\;C:\WINDOWS\System32\OpenSSH\;C:\ProgramData\chocolatey\bin;C:\Program Files\Git\cmd;C:\Program Files\dotnet\;C:\ProgramData\nvm;C:\Program Files\nodejs;C:\Program Files\nodejs\;C:\Users\SMA_d\AppData\Local\Programs\Python\Python39\Scripts\;C:\Users\SMA_d\AppData\Local\Programs\Python\Python39\;C:\Users\SMA_d\AppData\Local\Programs\Python\Python37\Scripts\;C:\Users\SMA_d\AppData\Local\Programs\Python\Python37\;C:\Users\SMA_d\AppData\Local\Microsoft\WindowsApps;C:\Users\SMA_d\AppData\Local\Programs\Microsoft VS Code\bin;C:\tools\Cmder;C:\Users\SMA_d\.dotnet\tools;C:\Users\SMA_d\AppData\Local\Microsoft\WindowsApps;C:\Users\SMA_d\AppData\Roaming\npm;C:\Users\SMA_d\AppData\Roaming\npm;C:\Users\SMA_d\AppData\Roaming\npm\node_modules\expo-cli;

Yarn version: 
  1.22.5

Node version: 
  12.18.3

Platform: 
  win32 x64

Trace: 
  Error: EPERM: operation not permitted, unlink 'C:\Users\SMA_d\johnatan\dashboard-tramites\node_modules\esbuild-windows-64\esbuild.exe'

npm manifest: 
  {
    "name": "dashboard-tramites",
    "version": "0.0.0",
    "scripts": {
      "dev": "vite",
      "build": "tsc && vite build",
      "serve": "vite preview"
    },
    "dependencies": {
      "react": "^17.0.0",
      "react-dom": "^17.0.0"
    },
    "devDependencies": {
      "@types/react": "^17.0.0",
      "@types/react-dom": "^17.0.0",
      "@vitejs/plugin-react": "^1.0.0",
      "typescript": "^4.3.2",
      "vite": "^2.6.4"
    }
  }

yarn manifest: 
  No manifest

Lockfile: 
  No lockfile
